2023-02-14 21:28:21,986 [Worker-3] INFO  c.g.t.t.d.PublishedGradleVersions - Gradle version information cache is out-of-date. Trying to update.
2023-02-14 21:30:21,680 [Worker-3] INFO  o.e.m.c.i.l.LifecycleMappingFactory - Using org.eclipse.m2e.jdt.JarLifecycleMapping lifecycle mapping for MavenProject: com.airquality.microservice:airqualtymonitor:0.0.1-SNAPSHOT @ C:\Users\Aishwarya\Desktop\AirQuality_DynamoDB\airqualtymonitor\pom.xml.
2023-02-14 21:30:31,567 [Worker-3] INFO  o.e.m.j.i.AbstractJavaProjectConfigurator - Adding source folder /airqualtymonitor/src/main/java
2023-02-14 21:30:31,569 [Worker-3] INFO  o.e.m.j.i.AbstractJavaProjectConfigurator - Adding resource folder /airqualtymonitor/src/main/resources
2023-02-14 21:30:31,570 [Worker-3] INFO  o.e.m.j.i.AbstractJavaProjectConfigurator - Adding resource folder /airqualtymonitor/src/main/resources
2023-02-14 21:30:31,573 [Worker-3] INFO  o.e.m.j.i.AbstractJavaProjectConfigurator - Adding source folder /airqualtymonitor/src/test/java
2023-02-14 21:30:32,735 [Worker-3] INFO  o.e.m.c.i.p.ProjectConfigurationManager - Imported and configured 1 project(s) in 30 sec
2023-02-14 21:30:39,417 [Worker-12] INFO  o.a.m.s.f.DefaultMavenResourcesFiltering - Copying 1 resource
2023-02-14 21:30:39,511 [Worker-12] INFO  o.a.m.s.f.DefaultMavenResourcesFiltering - Copying 0 resource
2023-02-14 21:30:39,518 [Worker-12] INFO  o.a.m.s.f.DefaultMavenResourcesFiltering - skip non existing resourceDirectory C:\Users\Aishwarya\Desktop\AirQuality_DynamoDB\airqualtymonitor\src\test\resources
2023-02-14 21:32:59,255 [Worker-3] INFO  o.a.m.s.f.DefaultMavenResourcesFiltering - Copying 0 resource
2023-02-14 21:32:59,255 [Worker-3] INFO  o.a.m.s.f.DefaultMavenResourcesFiltering - Copying 0 resource
2023-02-14 21:32:59,259 [Worker-3] INFO  o.a.m.s.f.DefaultMavenResourcesFiltering - skip non existing resourceDirectory C:\Users\Aishwarya\Desktop\AirQuality_DynamoDB\airqualtymonitor\src\test\resources
2023-02-14 21:33:17,953 [Worker-10] INFO  o.a.m.s.f.DefaultMavenResourcesFiltering - Copying 1 resource
2023-02-14 21:33:17,959 [Worker-10] INFO  o.a.m.s.f.DefaultMavenResourcesFiltering - Copying 0 resource
2023-02-14 21:33:17,964 [Worker-10] INFO  o.a.m.s.f.DefaultMavenResourcesFiltering - skip non existing resourceDirectory C:\Users\Aishwarya\Desktop\AirQuality_DynamoDB\airqualtymonitor\src\test\resources
2023-02-14 21:37:31,043 [Worker-3] INFO  c.g.t.t.d.PublishedGradleVersions - Gradle version information cache is up-to-date. Trying to read.
2023-02-14 21:38:51,042 [main] INFO  o.e.m2e.actions.ExecutePomAction - Creating new launch configuration
2023-02-14 21:39:02,521 [Worker-8] INFO  o.e.m.i.launch.MavenLaunchDelegate - C:\Users\Aishwarya\Desktop\AirQuality_DynamoDB\airqualtymonitor
2023-02-14 21:39:02,524 [Worker-8] INFO  o.e.m.i.launch.MavenLaunchDelegate -  mvn -B package
2023-02-14 21:39:08,559 [Worker-9] INFO  o.e.m.c.i.l.LifecycleMappingFactory - Using org.eclipse.m2e.jdt.JarLifecycleMapping lifecycle mapping for MavenProject: com.airquality.microservice:airqualtymonitor:0.0.1-SNAPSHOT @ C:\Users\Aishwarya\Desktop\AirQuality_DynamoDB\airqualtymonitor\pom.xml.
2023-02-14 21:39:11,241 [Worker-9] INFO  o.a.m.s.f.DefaultMavenResourcesFiltering - Copying 1 resource
2023-02-14 21:39:11,341 [Worker-9] INFO  o.a.m.s.f.DefaultMavenResourcesFiltering - Copying 0 resource
2023-02-14 21:39:11,353 [Worker-9] INFO  o.a.m.s.f.DefaultMavenResourcesFiltering - skip non existing resourceDirectory C:\Users\Aishwarya\Desktop\AirQuality_DynamoDB\airqualtymonitor\src\test\resources
2023-02-14 21:43:28,835 [Worker-17] INFO  o.a.m.s.f.DefaultMavenResourcesFiltering - Copying 0 resource
2023-02-14 21:43:28,836 [Worker-17] INFO  o.a.m.s.f.DefaultMavenResourcesFiltering - Copying 0 resource
2023-02-14 21:43:28,839 [Worker-17] INFO  o.a.m.s.f.DefaultMavenResourcesFiltering - skip non existing resourceDirectory C:\Users\Aishwarya\Desktop\AirQuality_DynamoDB\airqualtymonitor\src\test\resources
2023-02-14 21:44:44,153 [main] INFO  o.e.m2e.actions.ExecutePomAction - Using existing launch configuration
2023-02-14 21:44:46,420 [Worker-18] INFO  o.e.m.i.launch.MavenLaunchDelegate - C:\Users\Aishwarya\Desktop\AirQuality_DynamoDB\airqualtymonitor
2023-02-14 21:44:46,421 [Worker-18] INFO  o.e.m.i.launch.MavenLaunchDelegate -  mvn -B package
2023-02-14 21:44:46,670 [Worker-16] INFO  o.a.m.s.f.DefaultMavenResourcesFiltering - Copying 0 resource
2023-02-14 21:44:46,671 [Worker-16] INFO  o.a.m.s.f.DefaultMavenResourcesFiltering - Copying 0 resource
2023-02-14 21:44:46,674 [Worker-16] INFO  o.a.m.s.f.DefaultMavenResourcesFiltering - skip non existing resourceDirectory C:\Users\Aishwarya\Desktop\AirQuality_DynamoDB\airqualtymonitor\src\test\resources
2023-02-14 21:46:25,840 [main] INFO  o.e.m2e.actions.ExecutePomAction - Using existing launch configuration
2023-02-14 21:46:26,143 [Worker-20] INFO  o.e.m.i.launch.MavenLaunchDelegate - C:\Users\Aishwarya\Desktop\AirQuality_DynamoDB\airqualtymonitor
2023-02-14 21:46:26,144 [Worker-20] INFO  o.e.m.i.launch.MavenLaunchDelegate -  mvn -B package
2023-02-14 21:55:12,972 [Worker-23] INFO  o.a.m.s.f.DefaultMavenResourcesFiltering - Copying 1 resource
2023-02-14 21:55:12,994 [Worker-23] INFO  o.a.m.s.f.DefaultMavenResourcesFiltering - Copying 0 resource
2023-02-14 21:55:13,002 [Worker-23] INFO  o.a.m.s.f.DefaultMavenResourcesFiltering - skip non existing resourceDirectory C:\Users\Aishwarya\Desktop\AirQuality_DynamoDB\airqualtymonitor\src\test\resources
2023-02-14 21:55:14,040 [Worker-23] INFO  o.a.m.s.f.DefaultMavenResourcesFiltering - Copying 0 resource
2023-02-14 21:55:14,042 [Worker-23] INFO  o.a.m.s.f.DefaultMavenResourcesFiltering - Copying 0 resource
2023-02-14 21:55:14,050 [Worker-23] INFO  o.a.m.s.f.DefaultMavenResourcesFiltering - skip non existing resourceDirectory C:\Users\Aishwarya\Desktop\AirQuality_DynamoDB\airqualtymonitor\src\test\resources
2023-02-14 21:55:22,344 [main] INFO  o.e.m2e.actions.ExecutePomAction - Using existing launch configuration
2023-02-14 21:55:22,598 [Worker-20] INFO  o.e.m.i.launch.MavenLaunchDelegate - C:\Users\Aishwarya\Desktop\AirQuality_DynamoDB\airqualtymonitor
2023-02-14 21:55:22,599 [Worker-20] INFO  o.e.m.i.launch.MavenLaunchDelegate -  mvn -B package
2023-02-14 23:24:13,774 [Worker-40] INFO  o.a.m.s.f.DefaultMavenResourcesFiltering - Copying 1 resource
2023-02-14 23:24:13,907 [Worker-40] INFO  o.a.m.s.f.DefaultMavenResourcesFiltering - Copying 0 resource
2023-02-14 23:24:13,913 [Worker-40] INFO  o.a.m.s.f.DefaultMavenResourcesFiltering - skip non existing resourceDirectory C:\Users\Aishwarya\Desktop\AirQuality_DynamoDB\airqualtymonitor\src\test\resources
2023-02-14 23:24:14,968 [Worker-40] INFO  o.a.m.s.f.DefaultMavenResourcesFiltering - Copying 0 resource
2023-02-14 23:24:14,969 [Worker-40] INFO  o.a.m.s.f.DefaultMavenResourcesFiltering - Copying 0 resource
2023-02-14 23:24:14,975 [Worker-40] INFO  o.a.m.s.f.DefaultMavenResourcesFiltering - skip non existing resourceDirectory C:\Users\Aishwarya\Desktop\AirQuality_DynamoDB\airqualtymonitor\src\test\resources
2023-02-14 23:24:28,290 [main] INFO  o.e.m2e.actions.ExecutePomAction - Using existing launch configuration
2023-02-14 23:24:28,504 [Worker-40] INFO  o.e.m.i.launch.MavenLaunchDelegate - C:\Users\Aishwarya\Desktop\AirQuality_DynamoDB\airqualtymonitor
2023-02-14 23:24:28,505 [Worker-40] INFO  o.e.m.i.launch.MavenLaunchDelegate -  mvn -B package
2023-02-14 23:50:39,017 [Worker-51] INFO  o.a.m.s.f.DefaultMavenResourcesFiltering - Copying 1 resource
2023-02-14 23:50:39,119 [Worker-51] INFO  o.a.m.s.f.DefaultMavenResourcesFiltering - Copying 0 resource
2023-02-14 23:50:39,129 [Worker-51] INFO  o.a.m.s.f.DefaultMavenResourcesFiltering - skip non existing resourceDirectory C:\Users\Aishwarya\Desktop\AirQuality_DynamoDB\airqualtymonitor\src\test\resources
2023-02-14 23:50:40,195 [Worker-50] INFO  o.a.m.s.f.DefaultMavenResourcesFiltering - Copying 0 resource
2023-02-14 23:50:40,196 [Worker-50] INFO  o.a.m.s.f.DefaultMavenResourcesFiltering - Copying 0 resource
2023-02-14 23:50:40,201 [Worker-50] INFO  o.a.m.s.f.DefaultMavenResourcesFiltering - skip non existing resourceDirectory C:\Users\Aishwarya\Desktop\AirQuality_DynamoDB\airqualtymonitor\src\test\resources
2023-02-14 23:50:52,337 [main] INFO  o.e.m2e.actions.ExecutePomAction - Using existing launch configuration
2023-02-14 23:50:52,703 [Worker-52] INFO  o.e.m.i.launch.MavenLaunchDelegate - C:\Users\Aishwarya\Desktop\AirQuality_DynamoDB\airqualtymonitor
2023-02-14 23:50:52,703 [Worker-52] INFO  o.e.m.i.launch.MavenLaunchDelegate -  mvn -B package
2023-03-02 20:27:41,259 [Worker-0] INFO  c.g.t.t.d.PublishedGradleVersions - Gradle version information cache is out-of-date. Trying to update.
2023-03-02 20:28:05,260 [Worker-7] INFO  o.e.m.c.i.l.LifecycleMappingFactory - Using org.eclipse.m2e.jdt.JarLifecycleMapping lifecycle mapping for MavenProject: com.airquality.microservice:airqualtymonitor:0.0.1-SNAPSHOT @ C:\Users\Aishwarya\Desktop\AirQuality_DynamoDB\airqualtymonitor\pom.xml.
2023-03-02 20:28:11,467 [Worker-7] INFO  o.a.m.s.f.DefaultMavenResourcesFiltering - Copying 1 resource
2023-03-02 20:28:11,565 [Worker-7] INFO  o.a.m.s.f.DefaultMavenResourcesFiltering - Copying 0 resource
2023-03-02 20:28:11,590 [Worker-7] INFO  o.a.m.s.f.DefaultMavenResourcesFiltering - skip non existing resourceDirectory C:\Users\Aishwarya\Desktop\AirQuality_DynamoDB\airqualtymonitor\src\test\resources
2023-03-02 20:31:25,871 [Worker-7] INFO  o.a.m.s.f.DefaultMavenResourcesFiltering - Copying 0 resource
2023-03-02 20:31:25,871 [Worker-7] INFO  o.a.m.s.f.DefaultMavenResourcesFiltering - Copying 0 resource
2023-03-02 20:31:25,875 [Worker-7] INFO  o.a.m.s.f.DefaultMavenResourcesFiltering - skip non existing resourceDirectory C:\Users\Aishwarya\Desktop\AirQuality_DynamoDB\airqualtymonitor\src\test\resources
2023-03-02 20:31:28,138 [Worker-9] INFO  o.a.m.s.f.DefaultMavenResourcesFiltering - Copying 1 resource
2023-03-02 20:31:28,151 [Worker-9] INFO  o.a.m.s.f.DefaultMavenResourcesFiltering - Copying 0 resource
2023-03-02 20:31:28,155 [Worker-9] INFO  o.a.m.s.f.DefaultMavenResourcesFiltering - skip non existing resourceDirectory C:\Users\Aishwarya\Desktop\AirQuality_DynamoDB\airqualtymonitor\src\test\resources
2023-03-02 20:35:13,957 [Worker-17] INFO  o.a.m.s.f.DefaultMavenResourcesFiltering - Copying 1 resource
2023-03-02 20:35:14,030 [Worker-17] INFO  o.a.m.s.f.DefaultMavenResourcesFiltering - Copying 0 resource
2023-03-02 20:35:14,047 [Worker-17] INFO  o.a.m.s.f.DefaultMavenResourcesFiltering - skip non existing resourceDirectory C:\Users\Aishwarya\Desktop\AirQuality_DynamoDB\airqualtymonitor\src\test\resources
2023-03-02 20:35:20,303 [Worker-21] INFO  o.e.m.i.launch.MavenLaunchDelegate - C:\Users\Aishwarya\Desktop\AirQuality_DynamoDB\airqualtymonitor
2023-03-02 20:35:20,304 [Worker-21] INFO  o.e.m.i.launch.MavenLaunchDelegate -  mvn -B package
2023-03-02 23:15:33,413 [Worker-25] INFO  o.a.m.s.f.DefaultMavenResourcesFiltering - Copying 1 resource
2023-03-02 23:15:33,427 [Worker-25] INFO  o.a.m.s.f.DefaultMavenResourcesFiltering - Copying 0 resource
2023-03-02 23:15:33,431 [Worker-25] INFO  o.a.m.s.f.DefaultMavenResourcesFiltering - skip non existing resourceDirectory C:\Users\Aishwarya\Desktop\AirQuality_DynamoDB\airqualtymonitor\src\test\resources
2023-03-02 23:15:34,651 [Worker-24] INFO  o.a.m.s.f.DefaultMavenResourcesFiltering - Copying 0 resource
2023-03-02 23:15:34,652 [Worker-24] INFO  o.a.m.s.f.DefaultMavenResourcesFiltering - Copying 0 resource
2023-03-02 23:15:34,657 [Worker-24] INFO  o.a.m.s.f.DefaultMavenResourcesFiltering - skip non existing resourceDirectory C:\Users\Aishwarya\Desktop\AirQuality_DynamoDB\airqualtymonitor\src\test\resources
2023-03-02 23:16:43,492 [Worker-21] INFO  o.a.m.s.f.DefaultMavenResourcesFiltering - Copying 1 resource
2023-03-02 23:16:43,546 [Worker-21] INFO  o.a.m.s.f.DefaultMavenResourcesFiltering - Copying 0 resource
2023-03-02 23:16:43,552 [Worker-21] INFO  o.a.m.s.f.DefaultMavenResourcesFiltering - skip non existing resourceDirectory C:\Users\Aishwarya\Desktop\AirQuality_DynamoDB\airqualtymonitor\src\test\resources
2023-03-02 23:16:44,591 [Worker-21] INFO  o.a.m.s.f.DefaultMavenResourcesFiltering - Copying 0 resource
2023-03-02 23:16:44,592 [Worker-21] INFO  o.a.m.s.f.DefaultMavenResourcesFiltering - Copying 0 resource
2023-03-02 23:16:44,596 [Worker-21] INFO  o.a.m.s.f.DefaultMavenResourcesFiltering - skip non existing resourceDirectory C:\Users\Aishwarya\Desktop\AirQuality_DynamoDB\airqualtymonitor\src\test\resources
2023-03-02 23:23:12,474 [Worker-24] WARN  o.e.r.models.ModelRepository - Failed to download org.eclipse.recommenders:index::zip:0.0.0
org.eclipse.aether.resolution.ArtifactResolutionException: Could not find artifact org.eclipse.recommenders:index:zip:0.0.0-SNAPSHOT in models (http://download.eclipse.org/recommenders/models/oxygen/)
	at org.eclipse.aether.internal.impl.DefaultArtifactResolver.resolve(DefaultArtifactResolver.java:453) ~[na:na]
	at org.eclipse.aether.internal.impl.DefaultArtifactResolver.resolveArtifacts(DefaultArtifactResolver.java:255) ~[na:na]
	at org.eclipse.aether.internal.impl.DefaultArtifactResolver.resolveArtifact(DefaultArtifactResolver.java:232) ~[na:na]
	at org.eclipse.aether.internal.impl.DefaultRepositorySystem.resolveArtifact(DefaultRepositorySystem.java:303) ~[na:na]
	at org.eclipse.recommenders.models.ModelRepository.resolveInternal(ModelRepository.java:193) [org.eclipse.recommenders.models_2.5.2.v20180401-1226.jar:na]
	at org.eclipse.recommenders.models.ModelRepository.resolve(ModelRepository.java:172) [org.eclipse.recommenders.models_2.5.2.v20180401-1226.jar:na]
	at org.eclipse.recommenders.internal.models.rcp.EclipseModelRepository.resolve(EclipseModelRepository.java:168) [org.eclipse.recommenders.models.rcp_2.5.2.v20180401-1226.jar:na]
	at org.eclipse.recommenders.internal.models.rcp.DownloadModelArchiveJob.run(DownloadModelArchiveJob.java:76) [org.eclipse.recommenders.models.rcp_2.5.2.v20180401-1226.jar:na]
	at org.eclipse.core.internal.jobs.Worker.run(Worker.java:56) [org.eclipse.core.jobs_3.9.3.v20180115-1757.jar:na]
Caused by: org.eclipse.aether.transfer.ArtifactNotFoundException: Could not find artifact org.eclipse.recommenders:index:zip:0.0.0-SNAPSHOT in models (http://download.eclipse.org/recommenders/models/oxygen/)
	at org.eclipse.aether.connector.basic.ArtifactTransportListener.transferFailed(ArtifactTransportListener.java:48) ~[org.apache.maven.resolver.connector.basic_1.0.3.v20170405-0725.jar:1.0.3]
	at org.eclipse.aether.connector.basic.BasicRepositoryConnector$TaskRunner.run(BasicRepositoryConnector.java:364) ~[org.apache.maven.resolver.connector.basic_1.0.3.v20170405-0725.jar:1.0.3]
	at org.eclipse.aether.util.concurrency.RunnableErrorForwarder$1.run(RunnableErrorForwarder.java:76) ~[na:na]
	at org.eclipse.aether.connector.basic.BasicRepositoryConnector$DirectExecutor.execute(BasicRepositoryConnector.java:590) ~[org.apache.maven.resolver.connector.basic_1.0.3.v20170405-0725.jar:1.0.3]
	at org.eclipse.aether.connector.basic.BasicRepositoryConnector.get(BasicRepositoryConnector.java:258) ~[org.apache.maven.resolver.connector.basic_1.0.3.v20170405-0725.jar:1.0.3]
	at org.eclipse.aether.internal.impl.DefaultArtifactResolver.performDownloads(DefaultArtifactResolver.java:529) ~[na:na]
	at org.eclipse.aether.internal.impl.DefaultArtifactResolver.resolve(DefaultArtifactResolver.java:430) ~[na:na]
	... 8 common frames omitted
2023-03-02 23:23:55,325 [Worker-30] INFO  o.a.m.s.f.DefaultMavenResourcesFiltering - Copying 1 resource
2023-03-02 23:23:55,351 [Worker-30] INFO  o.a.m.s.f.DefaultMavenResourcesFiltering - Copying 0 resource
2023-03-02 23:23:55,355 [Worker-30] INFO  o.a.m.s.f.DefaultMavenResourcesFiltering - skip non existing resourceDirectory C:\Users\Aishwarya\Desktop\AirQuality_DynamoDB\airqualtymonitor\src\test\resources
2023-03-02 23:23:56,528 [Worker-30] INFO  o.a.m.s.f.DefaultMavenResourcesFiltering - Copying 0 resource
2023-03-02 23:23:56,528 [Worker-30] INFO  o.a.m.s.f.DefaultMavenResourcesFiltering - Copying 0 resource
2023-03-02 23:23:56,533 [Worker-30] INFO  o.a.m.s.f.DefaultMavenResourcesFiltering - skip non existing resourceDirectory C:\Users\Aishwarya\Desktop\AirQuality_DynamoDB\airqualtymonitor\src\test\resources
2023-03-02 23:24:31,234 [Worker-24] INFO  o.a.m.s.f.DefaultMavenResourcesFiltering - Copying 1 resource
2023-03-02 23:24:31,278 [Worker-24] INFO  o.a.m.s.f.DefaultMavenResourcesFiltering - Copying 0 resource
2023-03-02 23:24:31,283 [Worker-24] INFO  o.a.m.s.f.DefaultMavenResourcesFiltering - skip non existing resourceDirectory C:\Users\Aishwarya\Desktop\AirQuality_DynamoDB\airqualtymonitor\src\test\resources
2023-03-02 23:24:32,315 [Worker-33] INFO  o.a.m.s.f.DefaultMavenResourcesFiltering - Copying 0 resource
2023-03-02 23:24:32,316 [Worker-33] INFO  o.a.m.s.f.DefaultMavenResourcesFiltering - Copying 0 resource
2023-03-02 23:24:32,323 [Worker-33] INFO  o.a.m.s.f.DefaultMavenResourcesFiltering - skip non existing resourceDirectory C:\Users\Aishwarya\Desktop\AirQuality_DynamoDB\airqualtymonitor\src\test\resources
2023-03-02 23:25:35,934 [Worker-31] INFO  o.a.m.s.f.DefaultMavenResourcesFiltering - Copying 1 resource
2023-03-02 23:25:35,991 [Worker-31] INFO  o.a.m.s.f.DefaultMavenResourcesFiltering - Copying 0 resource
2023-03-02 23:25:35,997 [Worker-31] INFO  o.a.m.s.f.DefaultMavenResourcesFiltering - skip non existing resourceDirectory C:\Users\Aishwarya\Desktop\AirQuality_DynamoDB\airqualtymonitor\src\test\resources
2023-03-02 23:25:37,100 [Worker-31] INFO  o.a.m.s.f.DefaultMavenResourcesFiltering - Copying 0 resource
2023-03-02 23:25:37,100 [Worker-31] INFO  o.a.m.s.f.DefaultMavenResourcesFiltering - Copying 0 resource
2023-03-02 23:25:37,105 [Worker-31] INFO  o.a.m.s.f.DefaultMavenResourcesFiltering - skip non existing resourceDirectory C:\Users\Aishwarya\Desktop\AirQuality_DynamoDB\airqualtymonitor\src\test\resources
2023-03-02 23:31:24,300 [Worker-29] INFO  o.a.m.s.f.DefaultMavenResourcesFiltering - Copying 1 resource
2023-03-02 23:31:24,334 [Worker-29] INFO  o.a.m.s.f.DefaultMavenResourcesFiltering - Copying 0 resource
2023-03-02 23:31:24,342 [Worker-29] INFO  o.a.m.s.f.DefaultMavenResourcesFiltering - skip non existing resourceDirectory C:\Users\Aishwarya\Desktop\AirQuality_DynamoDB\airqualtymonitor\src\test\resources
2023-03-02 23:31:25,462 [Worker-38] INFO  o.a.m.s.f.DefaultMavenResourcesFiltering - Copying 0 resource
2023-03-02 23:31:25,463 [Worker-38] INFO  o.a.m.s.f.DefaultMavenResourcesFiltering - Copying 0 resource
2023-03-02 23:31:25,470 [Worker-38] INFO  o.a.m.s.f.DefaultMavenResourcesFiltering - skip non existing resourceDirectory C:\Users\Aishwarya\Desktop\AirQuality_DynamoDB\airqualtymonitor\src\test\resources
2023-03-02 23:33:31,228 [Worker-37] INFO  o.a.m.s.f.DefaultMavenResourcesFiltering - Copying 0 resource
2023-03-02 23:33:31,229 [Worker-37] INFO  o.a.m.s.f.DefaultMavenResourcesFiltering - Copying 0 resource
2023-03-02 23:33:31,232 [Worker-37] INFO  o.a.m.s.f.DefaultMavenResourcesFiltering - skip non existing resourceDirectory C:\Users\Aishwarya\Desktop\AirQuality_DynamoDB\airqualtymonitor\src\test\resources
2023-03-02 23:34:47,931 [Worker-36] INFO  o.a.m.s.f.DefaultMavenResourcesFiltering - Copying 0 resource
2023-03-02 23:34:47,932 [Worker-36] INFO  o.a.m.s.f.DefaultMavenResourcesFiltering - Copying 0 resource
2023-03-02 23:34:47,936 [Worker-36] INFO  o.a.m.s.f.DefaultMavenResourcesFiltering - skip non existing resourceDirectory C:\Users\Aishwarya\Desktop\AirQuality_DynamoDB\airqualtymonitor\src\test\resources
2023-03-02 23:34:48,972 [Worker-38] INFO  o.a.m.s.f.DefaultMavenResourcesFiltering - Copying 0 resource
2023-03-02 23:34:48,973 [Worker-38] INFO  o.a.m.s.f.DefaultMavenResourcesFiltering - Copying 0 resource
2023-03-02 23:34:48,976 [Worker-38] INFO  o.a.m.s.f.DefaultMavenResourcesFiltering - skip non existing resourceDirectory C:\Users\Aishwarya\Desktop\AirQuality_DynamoDB\airqualtymonitor\src\test\resources
2023-03-02 23:36:39,100 [Worker-39] INFO  o.a.m.s.f.DefaultMavenResourcesFiltering - Copying 0 resource
2023-03-02 23:36:39,101 [Worker-39] INFO  o.a.m.s.f.DefaultMavenResourcesFiltering - Copying 0 resource
2023-03-02 23:36:39,107 [Worker-39] INFO  o.a.m.s.f.DefaultMavenResourcesFiltering - skip non existing resourceDirectory C:\Users\Aishwarya\Desktop\AirQuality_DynamoDB\airqualtymonitor\src\test\resources
2023-03-02 23:36:40,152 [Worker-29] INFO  o.a.m.s.f.DefaultMavenResourcesFiltering - Copying 0 resource
2023-03-02 23:36:40,153 [Worker-29] INFO  o.a.m.s.f.DefaultMavenResourcesFiltering - Copying 0 resource
2023-03-02 23:36:40,157 [Worker-29] INFO  o.a.m.s.f.DefaultMavenResourcesFiltering - skip non existing resourceDirectory C:\Users\Aishwarya\Desktop\AirQuality_DynamoDB\airqualtymonitor\src\test\resources
2023-03-02 23:37:55,604 [Worker-38] INFO  o.a.m.s.f.DefaultMavenResourcesFiltering - Copying 0 resource
2023-03-02 23:37:55,605 [Worker-38] INFO  o.a.m.s.f.DefaultMavenResourcesFiltering - Copying 0 resource
2023-03-02 23:37:55,608 [Worker-38] INFO  o.a.m.s.f.DefaultMavenResourcesFiltering - skip non existing resourceDirectory C:\Users\Aishwarya\Desktop\AirQuality_DynamoDB\airqualtymonitor\src\test\resources
2023-03-02 23:37:56,638 [Worker-38] INFO  o.a.m.s.f.DefaultMavenResourcesFiltering - Copying 0 resource
2023-03-02 23:37:56,639 [Worker-38] INFO  o.a.m.s.f.DefaultMavenResourcesFiltering - Copying 0 resource
2023-03-02 23:37:56,643 [Worker-38] INFO  o.a.m.s.f.DefaultMavenResourcesFiltering - skip non existing resourceDirectory C:\Users\Aishwarya\Desktop\AirQuality_DynamoDB\airqualtymonitor\src\test\resources
2023-03-02 23:48:19,217 [main] INFO  o.e.m2e.actions.ExecutePomAction - Using existing launch configuration
2023-03-02 23:48:19,350 [Worker-40] INFO  o.e.m.i.launch.MavenLaunchDelegate - C:\Users\Aishwarya\Desktop\AirQuality_DynamoDB\airqualtymonitor
2023-03-02 23:48:19,351 [Worker-40] INFO  o.e.m.i.launch.MavenLaunchDelegate -  mvn -B package
2023-03-02 23:50:28,564 [main] INFO  o.e.m2e.actions.ExecutePomAction - Creating new launch configuration
2023-03-02 23:50:43,150 [Worker-44] INFO  o.e.m.i.launch.MavenLaunchDelegate - C:\Users\Aishwarya\Desktop\AirQuality_DynamoDB\airqualtymonitor
2023-03-02 23:50:43,150 [Worker-44] INFO  o.e.m.i.launch.MavenLaunchDelegate -  mvn -B package
2023-03-03 01:42:02,740 [Worker-60] INFO  o.a.m.s.f.DefaultMavenResourcesFiltering - Copying 1 resource
2023-03-03 01:42:02,865 [Worker-60] INFO  o.a.m.s.f.DefaultMavenResourcesFiltering - Copying 0 resource
2023-03-03 01:42:02,870 [Worker-60] INFO  o.a.m.s.f.DefaultMavenResourcesFiltering - skip non existing resourceDirectory C:\Users\Aishwarya\Desktop\AirQuality_DynamoDB\airqualtymonitor\src\test\resources
2023-03-03 01:42:03,930 [Worker-62] INFO  o.a.m.s.f.DefaultMavenResourcesFiltering - Copying 0 resource
2023-03-03 01:42:03,931 [Worker-62] INFO  o.a.m.s.f.DefaultMavenResourcesFiltering - Copying 0 resource
2023-03-03 01:42:03,935 [Worker-62] INFO  o.a.m.s.f.DefaultMavenResourcesFiltering - skip non existing resourceDirectory C:\Users\Aishwarya\Desktop\AirQuality_DynamoDB\airqualtymonitor\src\test\resources
2023-03-03 01:43:25,874 [Worker-62] INFO  o.a.m.s.f.DefaultMavenResourcesFiltering - Copying 1 resource
2023-03-03 01:43:25,915 [Worker-62] INFO  o.a.m.s.f.DefaultMavenResourcesFiltering - Copying 0 resource
2023-03-03 01:43:25,941 [Worker-62] INFO  o.a.m.s.f.DefaultMavenResourcesFiltering - skip non existing resourceDirectory C:\Users\Aishwarya\Desktop\AirQuality_DynamoDB\airqualtymonitor\src\test\resources
2023-03-03 01:43:38,437 [Worker-60] INFO  o.e.m.i.launch.MavenLaunchDelegate - C:\Users\Aishwarya\Desktop\AirQuality_DynamoDB\airqualtymonitor
2023-03-03 01:43:38,437 [Worker-60] INFO  o.e.m.i.launch.MavenLaunchDelegate -  mvn -B package
2023-03-04 17:18:05,122 [Worker-103] INFO  o.a.m.s.f.DefaultMavenResourcesFiltering - Copying 0 resource
2023-03-04 17:18:05,138 [Worker-103] INFO  o.a.m.s.f.DefaultMavenResourcesFiltering - Copying 0 resource
2023-03-04 17:18:05,143 [Worker-103] INFO  o.a.m.s.f.DefaultMavenResourcesFiltering - skip non existing resourceDirectory C:\Users\Aishwarya\Desktop\AirQuality_DynamoDB\airqualtymonitor\src\test\resources
2023-03-04 22:37:26,579 [Worker-107] INFO  o.a.m.s.f.DefaultMavenResourcesFiltering - Copying 0 resource
2023-03-04 22:37:26,580 [Worker-107] INFO  o.a.m.s.f.DefaultMavenResourcesFiltering - Copying 0 resource
2023-03-04 22:37:26,583 [Worker-107] INFO  o.a.m.s.f.DefaultMavenResourcesFiltering - skip non existing resourceDirectory C:\Users\Aishwarya\Desktop\AirQuality_DynamoDB\airqualtymonitor\src\test\resources
2023-03-04 22:57:48,139 [Worker-113] INFO  o.a.m.s.f.DefaultMavenResourcesFiltering - Copying 0 resource
2023-03-04 22:57:48,154 [Worker-113] INFO  o.a.m.s.f.DefaultMavenResourcesFiltering - Copying 0 resource
2023-03-04 22:57:48,160 [Worker-113] INFO  o.a.m.s.f.DefaultMavenResourcesFiltering - skip non existing resourceDirectory C:\Users\Aishwarya\Desktop\AirQuality_DynamoDB\airqualtymonitor\src\test\resources
2023-03-04 22:58:03,968 [Worker-112] INFO  o.a.m.s.f.DefaultMavenResourcesFiltering - Copying 0 resource
2023-03-04 22:58:03,969 [Worker-112] INFO  o.a.m.s.f.DefaultMavenResourcesFiltering - Copying 0 resource
2023-03-04 22:58:03,973 [Worker-112] INFO  o.a.m.s.f.DefaultMavenResourcesFiltering - skip non existing resourceDirectory C:\Users\Aishwarya\Desktop\AirQuality_DynamoDB\airqualtymonitor\src\test\resources
2023-03-04 22:59:49,284 [Worker-114] INFO  o.a.m.s.f.DefaultMavenResourcesFiltering - Copying 0 resource
2023-03-04 22:59:49,285 [Worker-114] INFO  o.a.m.s.f.DefaultMavenResourcesFiltering - Copying 0 resource
2023-03-04 22:59:49,291 [Worker-114] INFO  o.a.m.s.f.DefaultMavenResourcesFiltering - skip non existing resourceDirectory C:\Users\Aishwarya\Desktop\AirQuality_DynamoDB\airqualtymonitor\src\test\resources
2023-03-06 09:44:24,711 [Worker-147] INFO  o.e.m.c.i.l.LifecycleMappingFactory - Using org.eclipse.m2e.jdt.JarLifecycleMapping lifecycle mapping for MavenProject: com.airquality.microservice:airqualtymonitor:0.0.1-SNAPSHOT @ C:\Users\Aishwarya\Desktop\AirQuality_DynamoDB\airqualtymonitor\pom.xml.
2023-03-06 09:44:33,229 [Worker-147] INFO  o.a.m.s.f.DefaultMavenResourcesFiltering - Copying 0 resource
2023-03-06 09:44:33,230 [Worker-147] INFO  o.a.m.s.f.DefaultMavenResourcesFiltering - Copying 0 resource
2023-03-06 09:44:33,234 [Worker-147] INFO  o.a.m.s.f.DefaultMavenResourcesFiltering - skip non existing resourceDirectory C:\Users\Aishwarya\Desktop\AirQuality_DynamoDB\airqualtymonitor\src\test\resources
2023-03-06 10:57:02,363 [Worker-154] INFO  o.a.m.s.f.DefaultMavenResourcesFiltering - Copying 1 resource
2023-03-06 10:57:02,646 [Worker-154] INFO  o.a.m.s.f.DefaultMavenResourcesFiltering - Copying 0 resource
2023-03-06 10:57:02,661 [Worker-154] INFO  o.a.m.s.f.DefaultMavenResourcesFiltering - skip non existing resourceDirectory C:\Users\Aishwarya\Desktop\AirQuality_DynamoDB\airqualtymonitor\src\test\resources
2023-03-06 10:57:03,929 [Worker-154] INFO  o.a.m.s.f.DefaultMavenResourcesFiltering - Copying 0 resource
2023-03-06 10:57:03,930 [Worker-154] INFO  o.a.m.s.f.DefaultMavenResourcesFiltering - Copying 0 resource
2023-03-06 10:57:03,936 [Worker-154] INFO  o.a.m.s.f.DefaultMavenResourcesFiltering - skip non existing resourceDirectory C:\Users\Aishwarya\Desktop\AirQuality_DynamoDB\airqualtymonitor\src\test\resources
2023-03-06 10:57:09,370 [Worker-154] INFO  o.e.m.i.launch.MavenLaunchDelegate - C:\Users\Aishwarya\Desktop\AirQuality_DynamoDB\airqualtymonitor
2023-03-06 10:57:09,371 [Worker-154] INFO  o.e.m.i.launch.MavenLaunchDelegate -  mvn -B package
2023-03-06 10:58:13,559 [main] INFO  o.e.m2e.actions.ExecutePomAction - Creating new launch configuration
2023-03-06 10:58:24,988 [Worker-157] INFO  o.e.m.i.launch.MavenLaunchDelegate - C:\Users\Aishwarya\Desktop\AirQuality_DynamoDB\airqualtymonitor
2023-03-06 10:58:24,989 [Worker-157] INFO  o.e.m.i.launch.MavenLaunchDelegate -  mvn -B clean package
2023-03-06 11:05:04,938 [Worker-159] INFO  o.e.m.i.launch.MavenLaunchDelegate - C:\Users\Aishwarya\Desktop\AirQuality_DynamoDB\airqualtymonitor
